[..0874/PA3/src/util.cu:74 (argParse)] dset = "arxiv" (std::string)
[..0874/PA3/src/data.cu:5 (load_graph)] loading
[..74/PA3/test/main.cpp:15 (main)] kLen = 256 (int)
Note: Google Test filter = SpMMTest.*
[==========] Running 3 tests from 1 test suite.
[----------] Global test environment set-up.
[----------] 3 tests from SpMMTest
[ RUN      ] SpMMTest.validation
[       OK ] SpMMTest.validation (411 ms)
[ RUN      ] SpMMTest.cusparse_performance
[..A3/test/test_spmm.cu:52 (TestBody)] time = 0.00299458 (double)
[       OK ] SpMMTest.cusparse_performance (1191 ms)
[ RUN      ] SpMMTest.opt_performance
[..A3/test/test_spmm.cu:61 (TestBody)] time = 0.00463388 (double)
[       OK ] SpMMTest.opt_performance (140 ms)
[----------] 3 tests from SpMMTest (1743 ms total)

[----------] Global test environment tear-down
[==========] 3 tests from 1 test suite ran. (1743 ms total)
[  PASSED  ] 3 tests.
[..0874/PA3/src/util.cu:74 (argParse)] dset = "collab" (std::string)
[..0874/PA3/src/data.cu:5 (load_graph)] loading
[..74/PA3/test/main.cpp:15 (main)] kLen = 256 (int)
Note: Google Test filter = SpMMTest.*
[==========] Running 3 tests from 1 test suite.
[----------] Global test environment set-up.
[----------] 3 tests from SpMMTest
[ RUN      ] SpMMTest.validation
[       OK ] SpMMTest.validation (222 ms)
[ RUN      ] SpMMTest.cusparse_performance
[..A3/test/test_spmm.cu:52 (TestBody)] time = 0.00520121 (double)
[       OK ] SpMMTest.cusparse_performance (357 ms)
[ RUN      ] SpMMTest.opt_performance
[..A3/test/test_spmm.cu:61 (TestBody)] time = 0.00578995 (double)
[       OK ] SpMMTest.opt_performance (174 ms)
[----------] 3 tests from SpMMTest (753 ms total)

[----------] Global test environment tear-down
[==========] 3 tests from 1 test suite ran. (754 ms total)
[  PASSED  ] 3 tests.
[..0874/PA3/src/util.cu:74 (argParse)] dset = "citation" (std::string)
[..0874/PA3/src/data.cu:5 (load_graph)] loading
[..74/PA3/test/main.cpp:15 (main)] kLen = 256 (int)
Note: Google Test filter = SpMMTest.*
[==========] Running 3 tests from 1 test suite.
[----------] Global test environment set-up.
[----------] 3 tests from SpMMTest
[ RUN      ] SpMMTest.validation
[       OK ] SpMMTest.validation (2974 ms)
[ RUN      ] SpMMTest.cusparse_performance
[..A3/test/test_spmm.cu:52 (TestBody)] time = 0.0788141 (double)
[       OK ] SpMMTest.cusparse_performance (2449 ms)
[ RUN      ] SpMMTest.opt_performance
[..A3/test/test_spmm.cu:61 (TestBody)] time = 0.0846812 (double)
[       OK ] SpMMTest.opt_performance (2387 ms)
[----------] 3 tests from SpMMTest (7811 ms total)

[----------] Global test environment tear-down
[==========] 3 tests from 1 test suite ran. (7811 ms total)
[  PASSED  ] 3 tests.
[..0874/PA3/src/util.cu:74 (argParse)] dset = "ddi" (std::string)
[..0874/PA3/src/data.cu:5 (load_graph)] loading
[..74/PA3/test/main.cpp:15 (main)] kLen = 256 (int)
Note: Google Test filter = SpMMTest.*
[==========] Running 3 tests from 1 test suite.
[----------] Global test environment set-up.
[----------] 3 tests from SpMMTest
[ RUN      ] SpMMTest.validation
[       OK ] SpMMTest.validation (104 ms)
[ RUN      ] SpMMTest.cusparse_performance
[..A3/test/test_spmm.cu:52 (TestBody)] time = 0.00155492 (double)
[       OK ] SpMMTest.cusparse_performance (242 ms)
[ RUN      ] SpMMTest.opt_performance
[..A3/test/test_spmm.cu:61 (TestBody)] time = 0.00196284 (double)
[       OK ] SpMMTest.opt_performance (50 ms)
[----------] 3 tests from SpMMTest (398 ms total)

[----------] Global test environment tear-down
[==========] 3 tests from 1 test suite ran. (398 ms total)
[  PASSED  ] 3 tests.
[..0874/PA3/src/util.cu:74 (argParse)] dset = "protein" (std::string)
[..0874/PA3/src/data.cu:5 (load_graph)] loading
[..74/PA3/test/main.cpp:15 (main)] kLen = 256 (int)
Note: Google Test filter = SpMMTest.*
[==========] Running 3 tests from 1 test suite.
[----------] Global test environment set-up.
[----------] 3 tests from SpMMTest
[ RUN      ] SpMMTest.validation
[       OK ] SpMMTest.validation (7341 ms)
[ RUN      ] SpMMTest.cusparse_performance
[..A3/test/test_spmm.cu:52 (TestBody)] time = 0.0808308 (double)
[       OK ] SpMMTest.cusparse_performance (2239 ms)
[ RUN      ] SpMMTest.opt_performance
[..A3/test/test_spmm.cu:61 (TestBody)] time = 0.0745988 (double)
[       OK ] SpMMTest.opt_performance (1892 ms)
[----------] 3 tests from SpMMTest (11473 ms total)

[----------] Global test environment tear-down
[==========] 3 tests from 1 test suite ran. (11473 ms total)
[  PASSED  ] 3 tests.
[..0874/PA3/src/util.cu:74 (argParse)] dset = "ppa" (std::string)
[..0874/PA3/src/data.cu:5 (load_graph)] loading
[..74/PA3/test/main.cpp:15 (main)] kLen = 256 (int)
Note: Google Test filter = SpMMTest.*
[==========] Running 3 tests from 1 test suite.
[----------] Global test environment set-up.
[----------] 3 tests from SpMMTest
[ RUN      ] SpMMTest.validation
[       OK ] SpMMTest.validation (3853 ms)
[ RUN      ] SpMMTest.cusparse_performance
[..A3/test/test_spmm.cu:52 (TestBody)] time = 0.0849565 (double)
[       OK ] SpMMTest.cusparse_performance (2369 ms)
[ RUN      ] SpMMTest.opt_performance
[..A3/test/test_spmm.cu:61 (TestBody)] time = 0.083975 (double)
[       OK ] SpMMTest.opt_performance (2144 ms)
[----------] 3 tests from SpMMTest (8368 ms total)

[----------] Global test environment tear-down
[==========] 3 tests from 1 test suite ran. (8368 ms total)
[  PASSED  ] 3 tests.
[..0874/PA3/src/util.cu:74 (argParse)] dset = "reddit.dgl" (std::string)
[..0874/PA3/src/data.cu:5 (load_graph)] loading
[..74/PA3/test/main.cpp:15 (main)] kLen = 256 (int)
Note: Google Test filter = SpMMTest.*
[==========] Running 3 tests from 1 test suite.
[----------] Global test environment set-up.
[----------] 3 tests from SpMMTest
[ RUN      ] SpMMTest.validation
[       OK ] SpMMTest.validation (10241 ms)
[ RUN      ] SpMMTest.cusparse_performance
[..A3/test/test_spmm.cu:52 (TestBody)] time = 0.202316 (double)
[       OK ] SpMMTest.cusparse_performance (5288 ms)
[ RUN      ] SpMMTest.opt_performance
[..A3/test/test_spmm.cu:61 (TestBody)] time = 0.177933 (double)
[       OK ] SpMMTest.opt_performance (4487 ms)
[----------] 3 tests from SpMMTest (20017 ms total)

[----------] Global test environment tear-down
[==========] 3 tests from 1 test suite ran. (20017 ms total)
[  PASSED  ] 3 tests.
[..0874/PA3/src/util.cu:74 (argParse)] dset = "products" (std::string)
[..0874/PA3/src/data.cu:5 (load_graph)] loading
[..74/PA3/test/main.cpp:15 (main)] kLen = 256 (int)
Note: Google Test filter = SpMMTest.*
[==========] Running 3 tests from 1 test suite.
[----------] Global test environment set-up.
[----------] 3 tests from SpMMTest
[ RUN      ] SpMMTest.validation
[       OK ] SpMMTest.validation (11319 ms)
[ RUN      ] SpMMTest.cusparse_performance
[..A3/test/test_spmm.cu:52 (TestBody)] time = 0.258358 (double)
[       OK ] SpMMTest.cusparse_performance (6823 ms)
[ RUN      ] SpMMTest.opt_performance
[..A3/test/test_spmm.cu:61 (TestBody)] time = 0.265493 (double)
[       OK ] SpMMTest.opt_performance (6854 ms)
[----------] 3 tests from SpMMTest (24997 ms total)

[----------] Global test environment tear-down
[==========] 3 tests from 1 test suite ran. (24997 ms total)
[  PASSED  ] 3 tests.
[..0874/PA3/src/util.cu:74 (argParse)] dset = "youtube" (std::string)
[..0874/PA3/src/data.cu:5 (load_graph)] loading
[..74/PA3/test/main.cpp:15 (main)] kLen = 256 (int)
Note: Google Test filter = SpMMTest.*
[==========] Running 3 tests from 1 test suite.
[----------] Global test environment set-up.
[----------] 3 tests from SpMMTest
[ RUN      ] SpMMTest.validation
[       OK ] SpMMTest.validation (1246 ms)
[ RUN      ] SpMMTest.cusparse_performance
[..A3/test/test_spmm.cu:52 (TestBody)] time = 0.014433 (double)
[       OK ] SpMMTest.cusparse_performance (639 ms)
[ RUN      ] SpMMTest.opt_performance
[..A3/test/test_spmm.cu:61 (TestBody)] time = 0.0212885 (double)
[       OK ] SpMMTest.opt_performance (589 ms)
[----------] 3 tests from SpMMTest (2475 ms total)

[----------] Global test environment tear-down
[==========] 3 tests from 1 test suite ran. (2475 ms total)
[  PASSED  ] 3 tests.
[..0874/PA3/src/util.cu:74 (argParse)] dset = "amazon_cogdl" (std::string)
[..0874/PA3/src/data.cu:5 (load_graph)] loading
[..74/PA3/test/main.cpp:15 (main)] kLen = 256 (int)
Note: Google Test filter = SpMMTest.*
[==========] Running 3 tests from 1 test suite.
[----------] Global test environment set-up.
[----------] 3 tests from SpMMTest
[ RUN      ] SpMMTest.validation
[       OK ] SpMMTest.validation (22399 ms)
[ RUN      ] SpMMTest.cusparse_performance
[..A3/test/test_spmm.cu:52 (TestBody)] time = 0.517198 (double)
[       OK ] SpMMTest.cusparse_performance (13263 ms)
[ RUN      ] SpMMTest.opt_performance
[..A3/test/test_spmm.cu:61 (TestBody)] time = 0.518375 (double)
[       OK ] SpMMTest.opt_performance (13050 ms)
[----------] 3 tests from SpMMTest (48712 ms total)

[----------] Global test environment tear-down
[==========] 3 tests from 1 test suite ran. (48712 ms total)
[  PASSED  ] 3 tests.
[..0874/PA3/src/util.cu:74 (argParse)] dset = "yelp" (std::string)
[..0874/PA3/src/data.cu:5 (load_graph)] loading
[..74/PA3/test/main.cpp:15 (main)] kLen = 256 (int)
Note: Google Test filter = SpMMTest.*
[==========] Running 3 tests from 1 test suite.
[----------] Global test environment set-up.
[----------] 3 tests from SpMMTest
[ RUN      ] SpMMTest.validation
[       OK ] SpMMTest.validation (1326 ms)
[ RUN      ] SpMMTest.cusparse_performance
[..A3/test/test_spmm.cu:52 (TestBody)] time = 0.0299772 (double)
[       OK ] SpMMTest.cusparse_performance (992 ms)
[ RUN      ] SpMMTest.opt_performance
[..A3/test/test_spmm.cu:61 (TestBody)] time = 0.0298741 (double)
[       OK ] SpMMTest.opt_performance (793 ms)
[----------] 3 tests from SpMMTest (3112 ms total)

[----------] Global test environment tear-down
[==========] 3 tests from 1 test suite ran. (3112 ms total)
[  PASSED  ] 3 tests.
[..0874/PA3/src/util.cu:74 (argParse)] dset = "wikikg2" (std::string)
[..0874/PA3/src/data.cu:5 (load_graph)] loading
[..74/PA3/test/main.cpp:15 (main)] kLen = 256 (int)
Note: Google Test filter = SpMMTest.*
[==========] Running 3 tests from 1 test suite.
[----------] Global test environment set-up.
[----------] 3 tests from SpMMTest
[ RUN      ] SpMMTest.validation
[       OK ] SpMMTest.validation (576 ms)
[ RUN      ] SpMMTest.cusparse_performance
[..A3/test/test_spmm.cu:52 (TestBody)] time = 0.0166469 (double)
[       OK ] SpMMTest.cusparse_performance (786 ms)
[ RUN      ] SpMMTest.opt_performance
[..A3/test/test_spmm.cu:61 (TestBody)] time = 0.0267149 (double)
[       OK ] SpMMTest.opt_performance (886 ms)
[----------] 3 tests from SpMMTest (2248 ms total)

[----------] Global test environment tear-down
[==========] 3 tests from 1 test suite ran. (2248 ms total)
[  PASSED  ] 3 tests.
[..0874/PA3/src/util.cu:74 (argParse)] dset = "am" (std::string)
[..0874/PA3/src/data.cu:5 (load_graph)] loading
[..74/PA3/test/main.cpp:15 (main)] kLen = 256 (int)
Note: Google Test filter = SpMMTest.*
[==========] Running 3 tests from 1 test suite.
[----------] Global test environment set-up.
[----------] 3 tests from SpMMTest
[ RUN      ] SpMMTest.validation
[       OK ] SpMMTest.validation (4941 ms)
[ RUN      ] SpMMTest.cusparse_performance
[..A3/test/test_spmm.cu:52 (TestBody)] time = 0.0133996 (double)
[       OK ] SpMMTest.cusparse_performance (586 ms)
[ RUN      ] SpMMTest.opt_performance
[..A3/test/test_spmm.cu:61 (TestBody)] time = 0.0340608 (double)
[       OK ] SpMMTest.opt_performance (903 ms)
[----------] 3 tests from SpMMTest (6431 ms total)

[----------] Global test environment tear-down
[==========] 3 tests from 1 test suite ran. (6431 ms total)
[  PASSED  ] 3 tests.
