[..0874/PA3/src/util.cu:74 (argParse)] dset = "arxiv" (std::string)
[..0874/PA3/src/data.cu:5 (load_graph)] loading
[..74/PA3/test/main.cpp:15 (main)] kLen = 32 (int)
Note: Google Test filter = SpMMTest.*
[==========] Running 3 tests from 1 test suite.
[----------] Global test environment set-up.
[----------] 3 tests from SpMMTest
[ RUN      ] SpMMTest.validation
[       OK ] SpMMTest.validation (53 ms)
[ RUN      ] SpMMTest.cusparse_performance
[..A3/test/test_spmm.cu:52 (TestBody)] time = 0.000731334 (double)
[       OK ] SpMMTest.cusparse_performance (1117 ms)
[ RUN      ] SpMMTest.opt_performance
[..A3/test/test_spmm.cu:61 (TestBody)] time = 0.00167075 (double)
[       OK ] SpMMTest.opt_performance (45 ms)
[----------] 3 tests from SpMMTest (1215 ms total)

[----------] Global test environment tear-down
[==========] 3 tests from 1 test suite ran. (1215 ms total)
[  PASSED  ] 3 tests.
[..0874/PA3/src/util.cu:74 (argParse)] dset = "collab" (std::string)
[..0874/PA3/src/data.cu:5 (load_graph)] loading
[..74/PA3/test/main.cpp:15 (main)] kLen = 32 (int)
Note: Google Test filter = SpMMTest.*
[==========] Running 3 tests from 1 test suite.
[----------] Global test environment set-up.
[----------] 3 tests from SpMMTest
[ RUN      ] SpMMTest.validation
[       OK ] SpMMTest.validation (29 ms)
[ RUN      ] SpMMTest.cusparse_performance
[..A3/test/test_spmm.cu:52 (TestBody)] time = 0.00127175 (double)
[       OK ] SpMMTest.cusparse_performance (234 ms)
[ RUN      ] SpMMTest.opt_performance
[..A3/test/test_spmm.cu:61 (TestBody)] time = 0.00118872 (double)
[       OK ] SpMMTest.opt_performance (34 ms)
[----------] 3 tests from SpMMTest (298 ms total)

[----------] Global test environment tear-down
[==========] 3 tests from 1 test suite ran. (298 ms total)
[  PASSED  ] 3 tests.
[..0874/PA3/src/util.cu:74 (argParse)] dset = "citation" (std::string)
[..0874/PA3/src/data.cu:5 (load_graph)] loading
[..74/PA3/test/main.cpp:15 (main)] kLen = 32 (int)
Note: Google Test filter = SpMMTest.*
[==========] Running 3 tests from 1 test suite.
[----------] Global test environment set-up.
[----------] 3 tests from SpMMTest
[ RUN      ] SpMMTest.validation
[       OK ] SpMMTest.validation (367 ms)
[ RUN      ] SpMMTest.cusparse_performance
[..A3/test/test_spmm.cu:52 (TestBody)] time = 0.0164587 (double)
[       OK ] SpMMTest.cusparse_performance (647 ms)
[ RUN      ] SpMMTest.opt_performance
[..A3/test/test_spmm.cu:61 (TestBody)] time = 0.0138608 (double)
[       OK ] SpMMTest.opt_performance (383 ms)
[----------] 3 tests from SpMMTest (1398 ms total)

[----------] Global test environment tear-down
[==========] 3 tests from 1 test suite ran. (1398 ms total)
[  PASSED  ] 3 tests.
[..0874/PA3/src/util.cu:74 (argParse)] dset = "ddi" (std::string)
[..0874/PA3/src/data.cu:5 (load_graph)] loading
[..74/PA3/test/main.cpp:15 (main)] kLen = 32 (int)
Note: Google Test filter = SpMMTest.*
[==========] Running 3 tests from 1 test suite.
[----------] Global test environment set-up.
[----------] 3 tests from SpMMTest
[ RUN      ] SpMMTest.validation
[       OK ] SpMMTest.validation (16 ms)
[ RUN      ] SpMMTest.cusparse_performance
[..A3/test/test_spmm.cu:52 (TestBody)] time = 0.000640489 (double)
[       OK ] SpMMTest.cusparse_performance (214 ms)
[ RUN      ] SpMMTest.opt_performance
[..A3/test/test_spmm.cu:61 (TestBody)] time = 0.000393555 (double)
[       OK ] SpMMTest.opt_performance (10 ms)
[----------] 3 tests from SpMMTest (241 ms total)

[----------] Global test environment tear-down
[==========] 3 tests from 1 test suite ran. (241 ms total)
[  PASSED  ] 3 tests.
[..0874/PA3/src/util.cu:74 (argParse)] dset = "protein" (std::string)
[..0874/PA3/src/data.cu:5 (load_graph)] loading
[..74/PA3/test/main.cpp:15 (main)] kLen = 32 (int)
Note: Google Test filter = SpMMTest.*
[==========] Running 3 tests from 1 test suite.
[----------] Global test environment set-up.
[----------] 3 tests from SpMMTest
[ RUN      ] SpMMTest.validation
[       OK ] SpMMTest.validation (811 ms)
[ RUN      ] SpMMTest.cusparse_performance
[..A3/test/test_spmm.cu:52 (TestBody)] time = 0.0246004 (double)
[       OK ] SpMMTest.cusparse_performance (816 ms)
[ RUN      ] SpMMTest.opt_performance
[..A3/test/test_spmm.cu:61 (TestBody)] time = 0.00963528 (double)
[       OK ] SpMMTest.opt_performance (256 ms)
[----------] 3 tests from SpMMTest (1884 ms total)

[----------] Global test environment tear-down
[==========] 3 tests from 1 test suite ran. (1884 ms total)
[  PASSED  ] 3 tests.
[..0874/PA3/src/util.cu:74 (argParse)] dset = "ppa" (std::string)
[..0874/PA3/src/data.cu:5 (load_graph)] loading
[..74/PA3/test/main.cpp:15 (main)] kLen = 32 (int)
Note: Google Test filter = SpMMTest.*
[==========] Running 3 tests from 1 test suite.
[----------] Global test environment set-up.
[----------] 3 tests from SpMMTest
[ RUN      ] SpMMTest.validation
[       OK ] SpMMTest.validation (471 ms)
[ RUN      ] SpMMTest.cusparse_performance
[..A3/test/test_spmm.cu:52 (TestBody)] time = 0.0183951 (double)
[       OK ] SpMMTest.cusparse_performance (666 ms)
[ RUN      ] SpMMTest.opt_performance
[..A3/test/test_spmm.cu:61 (TestBody)] time = 0.0110702 (double)
[       OK ] SpMMTest.opt_performance (292 ms)
[----------] 3 tests from SpMMTest (1430 ms total)

[----------] Global test environment tear-down
[==========] 3 tests from 1 test suite ran. (1431 ms total)
[  PASSED  ] 3 tests.
[..0874/PA3/src/util.cu:74 (argParse)] dset = "reddit.dgl" (std::string)
[..0874/PA3/src/data.cu:5 (load_graph)] loading
[..74/PA3/test/main.cpp:15 (main)] kLen = 32 (int)
Note: Google Test filter = SpMMTest.*
[==========] Running 3 tests from 1 test suite.
[----------] Global test environment set-up.
[----------] 3 tests from SpMMTest
[ RUN      ] SpMMTest.validation
[       OK ] SpMMTest.validation (1153 ms)
[ RUN      ] SpMMTest.cusparse_performance
[..A3/test/test_spmm.cu:52 (TestBody)] time = 0.0483024 (double)
[       OK ] SpMMTest.cusparse_performance (1423 ms)
[ RUN      ] SpMMTest.opt_performance
[..A3/test/test_spmm.cu:61 (TestBody)] time = 0.0230145 (double)
[       OK ] SpMMTest.opt_performance (598 ms)
[----------] 3 tests from SpMMTest (3174 ms total)

[----------] Global test environment tear-down
[==========] 3 tests from 1 test suite ran. (3174 ms total)
[  PASSED  ] 3 tests.
[..0874/PA3/src/util.cu:74 (argParse)] dset = "products" (std::string)
[..0874/PA3/src/data.cu:5 (load_graph)] loading
[..74/PA3/test/main.cpp:15 (main)] kLen = 32 (int)
Note: Google Test filter = SpMMTest.*
[==========] Running 3 tests from 1 test suite.
[----------] Global test environment set-up.
[----------] 3 tests from SpMMTest
[ RUN      ] SpMMTest.validation
[       OK ] SpMMTest.validation (1405 ms)
[ RUN      ] SpMMTest.cusparse_performance
[..A3/test/test_spmm.cu:52 (TestBody)] time = 0.0558491 (double)
[       OK ] SpMMTest.cusparse_performance (1633 ms)
[ RUN      ] SpMMTest.opt_performance
[..A3/test/test_spmm.cu:61 (TestBody)] time = 0.0354781 (double)
[       OK ] SpMMTest.opt_performance (930 ms)
[----------] 3 tests from SpMMTest (3969 ms total)

[----------] Global test environment tear-down
[==========] 3 tests from 1 test suite ran. (3970 ms total)
[  PASSED  ] 3 tests.
[..0874/PA3/src/util.cu:74 (argParse)] dset = "youtube" (std::string)
[..0874/PA3/src/data.cu:5 (load_graph)] loading
[..74/PA3/test/main.cpp:15 (main)] kLen = 32 (int)
Note: Google Test filter = SpMMTest.*
[==========] Running 3 tests from 1 test suite.
[----------] Global test environment set-up.
[----------] 3 tests from SpMMTest
[ RUN      ] SpMMTest.validation
[       OK ] SpMMTest.validation (158 ms)
[ RUN      ] SpMMTest.cusparse_performance
[..A3/test/test_spmm.cu:52 (TestBody)] time = 0.0036424 (double)
[       OK ] SpMMTest.cusparse_performance (305 ms)
[ RUN      ] SpMMTest.opt_performance
[..A3/test/test_spmm.cu:61 (TestBody)] time = 0.00486999 (double)
[       OK ] SpMMTest.opt_performance (139 ms)
[----------] 3 tests from SpMMTest (603 ms total)

[----------] Global test environment tear-down
[==========] 3 tests from 1 test suite ran. (603 ms total)
[  PASSED  ] 3 tests.
[..0874/PA3/src/util.cu:74 (argParse)] dset = "amazon_cogdl" (std::string)
[..0874/PA3/src/data.cu:5 (load_graph)] loading
[..74/PA3/test/main.cpp:15 (main)] kLen = 32 (int)
Note: Google Test filter = SpMMTest.*
[==========] Running 3 tests from 1 test suite.
[----------] Global test environment set-up.
[----------] 3 tests from SpMMTest
[ RUN      ] SpMMTest.validation
[       OK ] SpMMTest.validation (2588 ms)
[ RUN      ] SpMMTest.cusparse_performance
[..A3/test/test_spmm.cu:52 (TestBody)] time = 0.123908 (double)
[       OK ] SpMMTest.cusparse_performance (3335 ms)
[ RUN      ] SpMMTest.opt_performance
[..A3/test/test_spmm.cu:61 (TestBody)] time = 0.0684905 (double)
[       OK ] SpMMTest.opt_performance (1759 ms)
[----------] 3 tests from SpMMTest (7683 ms total)

[----------] Global test environment tear-down
[==========] 3 tests from 1 test suite ran. (7683 ms total)
[  PASSED  ] 3 tests.
[..0874/PA3/src/util.cu:74 (argParse)] dset = "yelp" (std::string)
[..0874/PA3/src/data.cu:5 (load_graph)] loading
[..74/PA3/test/main.cpp:15 (main)] kLen = 32 (int)
Note: Google Test filter = SpMMTest.*
[==========] Running 3 tests from 1 test suite.
[----------] Global test environment set-up.
[----------] 3 tests from SpMMTest
[ RUN      ] SpMMTest.validation
[       OK ] SpMMTest.validation (162 ms)
[ RUN      ] SpMMTest.cusparse_performance
[..A3/test/test_spmm.cu:52 (TestBody)] time = 0.00657732 (double)
[       OK ] SpMMTest.cusparse_performance (374 ms)
[ RUN      ] SpMMTest.opt_performance
[..A3/test/test_spmm.cu:61 (TestBody)] time = 0.00543827 (double)
[       OK ] SpMMTest.opt_performance (150 ms)
[----------] 3 tests from SpMMTest (686 ms total)

[----------] Global test environment tear-down
[==========] 3 tests from 1 test suite ran. (686 ms total)
[  PASSED  ] 3 tests.
[..0874/PA3/src/util.cu:74 (argParse)] dset = "wikikg2" (std::string)
[..0874/PA3/src/data.cu:5 (load_graph)] loading
[..74/PA3/test/main.cpp:15 (main)] kLen = 32 (int)
Note: Google Test filter = SpMMTest.*
[==========] Running 3 tests from 1 test suite.
[----------] Global test environment set-up.
[----------] 3 tests from SpMMTest
[ RUN      ] SpMMTest.validation
[       OK ] SpMMTest.validation (72 ms)
[ RUN      ] SpMMTest.cusparse_performance
[..A3/test/test_spmm.cu:52 (TestBody)] time = 0.00713682 (double)
[       OK ] SpMMTest.cusparse_performance (403 ms)
[ RUN      ] SpMMTest.opt_performance
[..A3/test/test_spmm.cu:61 (TestBody)] time = 0.00813604 (double)
[       OK ] SpMMTest.opt_performance (233 ms)
[----------] 3 tests from SpMMTest (708 ms total)

[----------] Global test environment tear-down
[==========] 3 tests from 1 test suite ran. (708 ms total)
[  PASSED  ] 3 tests.
[..0874/PA3/src/util.cu:74 (argParse)] dset = "am" (std::string)
[..0874/PA3/src/data.cu:5 (load_graph)] loading
[..74/PA3/test/main.cpp:15 (main)] kLen = 32 (int)
Note: Google Test filter = SpMMTest.*
[==========] Running 3 tests from 1 test suite.
[----------] Global test environment set-up.
[----------] 3 tests from SpMMTest
[ RUN      ] SpMMTest.validation
[       OK ] SpMMTest.validation (643 ms)
[ RUN      ] SpMMTest.cusparse_performance
[..A3/test/test_spmm.cu:52 (TestBody)] time = 0.00373731 (double)
[       OK ] SpMMTest.cusparse_performance (300 ms)
[ RUN      ] SpMMTest.opt_performance
[..A3/test/test_spmm.cu:61 (TestBody)] time = 0.0216976 (double)
[       OK ] SpMMTest.opt_performance (558 ms)
[----------] 3 tests from SpMMTest (1502 ms total)

[----------] Global test environment tear-down
[==========] 3 tests from 1 test suite ran. (1502 ms total)
[  PASSED  ] 3 tests.
