16 [22411179929728] INFO perfrun.launcher <> - Launcher main begin
18 [22411179929728] INFO perfrun.launcher <> - MessageCatalogInit finished
18 [22411179929728] INFO perfrun.launcher <> - Launcher instance created
18 [22411179929728] INFO perfrun.launcher <> - argc = 7; cmdline = /opt/intel/oneapi/vtune/2023.1.0/bin64/amplxe-runss --ui-output-format xml --ui-output-fd 5 --option-file /home/course/hpc/users/2019010874/exp8/task1result.conv2/config/runss.options.1 
171 [22411179929728] INFO perfrun.launcher <> - create msngr2::ICliToolContext
171 [22411179929728] INFO perfrun.launcher <> - create file finder object
171 [22411179929728] INFO perfrun.launcher <> - create a result directory: pattern = /home/course/hpc/users/2019010874/exp8/task1result.conv2 pid = 4294967295
177 [22411179929728] INFO perfrun.sdk <> - checked that the directory /home/course/hpc/users/2019010874/exp8/task1result.conv2 is a local directory
177 [22411179929728] INFO perfrun.sdk <> - the directory /home/course/hpc/users/2019010874/exp8/task1result.conv2 is located on a share or its FS ID is unknown 26985
177 [22411179929728] INFO perfrun.sdk <> - checked that the directory /tmp/amplxe-tmp-2019010874 is a local directory
177 [22411179929728] INFO perfrun.sdk <> - the directory /tmp/amplxe-tmp-2019010874 is located on a share or its FS ID is unknown 2035054128
185 [22411179929728] INFO perfrun.launcher <> - create data directory = /home/course/hpc/users/2019010874/exp8/task1result.conv2/data.5
187 [22411179929728] INFO perfrun.launcher <> - Creating the master collection flag
188 [22411179929728] INFO perfrun.launcher <> - Done creating the master collection flag
191 [22411176560384] INFO perfrun.launcher <> - plugin [remoteplug] was disabled because it doesn't support the given collection type.
191 [22411176560384] INFO perfrun.sdk <> - Allocating TMU :/home/course/hpc/users/2019010874/exp8/task1result.conv2/data.5/systemcollector-411615-conv2.sc
192 [22411176560384] INFO perfrun.launcher <> - plugin [vdso] was disabled because it doesn't support the given collection type.
193 [22411176560384] INFO perfrun.launcher <> - plugin [ptracecollector] was disabled because it doesn't support the given collection type.
193 [22411176560384] INFO perfrun.launcher <> - plugin [gpu] was disabled because it doesn't support the given collection type.
193 [22411176560384] INFO perfrun.launcher <> - plugin [] was disabled because it doesn't support the given collection type.
193 [22411176560384] INFO perfrun.launcher <> - plugin [] was disabled because it doesn't support the given collection type.
193 [22411176560384] INFO perfrun.launcher <> - plugin [] was disabled because it doesn't support the given collection type.
193 [22411176560384] INFO perfrun.mrte <> - system-wide mode is 0
193 [22411176560384] INFO perfrun.mrte <> - Getting  mrte profiling environment ...
228 [22411176560384] INFO perfrun.mrte <> - INTEL_MRTE_DATA_DIR=/home/course/hpc/users/2019010874/exp8/task1result.conv2/data.5
228 [22411176560384] INFO perfrun.mrte <> - INTEL_MRTE_HOST_NAME=conv2
228 [22411176560384] INFO perfrun.mrte <> - JAVA_TOOL_OPTIONS=-agentlib:amplxe_tpssmrte_javaprof_1.0 -Dsun.boot.library.path=/opt/intel/oneapi/vtune/2023.1.0/lib32/runtime:/opt/intel/oneapi/vtune/2023.1.0/lib64/runtime
228 [22411176560384] INFO perfrun.mrte <> - LD_LIBRARY_PATH=/opt/intel/oneapi/vtune/2023.1.0/lib32/runtime:/opt/intel/oneapi/vtune/2023.1.0/lib64/runtime:/opt/intel/oneapi/tbb/2021.5.1/env/../lib/intel64/gcc4.8:/opt/intel/oneapi/mpi/2021.5.1//libfabric/lib:/opt/intel/oneapi/mpi/2021.5.1//lib/release:/opt/intel/oneapi/mpi/2021.5.1//lib:/opt/intel/oneapi/mkl/2022.0.2/lib/intel64:/opt/intel/oneapi/itac/2021.5.0/slib:/opt/intel/oneapi/debugger/2021.5.0/gdb/intel64/lib:/opt/intel/oneapi/debugger/2021.5.0/libipt/intel64/lib:/opt/intel/oneapi/debugger/2021.5.0/dep/lib:/opt/intel/oneapi/compiler/2022.0.2/linux/lib:/opt/intel/oneapi/compiler/2022.0.2/linux/lib/x64:/opt/intel/oneapi/compiler/2022.0.2/linux/lib/oclfpga/host/linux64/lib:/opt/intel/oneapi/compiler/2022.0.2/linux/compiler/lib/intel64_lin
228 [22411176560384] INFO perfrun.mrte <> - CORECLR_ENABLE_PROFILING=1
228 [22411176560384] INFO perfrun.mrte <> - CORECLR_PROFILER={AA5E4821-E3B1-479c-B7FF-5AD047D22CED}
228 [22411176560384] INFO perfrun.mrte <> - CORECLR_PROFILER_PATH=/opt/intel/oneapi/vtune/2023.1.0/lib64/libamplxe_samplingmrte_clrprof_1.0.so
228 [22411176560384] INFO perfrun.mrte <> - INTEL_MRTE_PROFILER_MODE=mixed
228 [22411176560384] INFO perfrun.mrte <> - Data directory: /home/course/hpc/users/2019010874/exp8/task1result.conv2/data.5
228 [22411176560384] INFO perfrun.mrte <> - Mrte plugin is initialized
228 [22411176560384] INFO perfrun.launcher <> - plugin [emon] was disabled because it doesn't support the given collection type.
228 [22411176560384] INFO perfrun.launcher <> - plugin [cuscol] was disabled because it doesn't support the given collection type.
228 [22411176560384] INFO perfrun.launcher <> - plugin [stdsrc] was disabled because it doesn't support the given collection type.
228 [22411176560384] INFO perfrun.launcher <> - plugin [sep] was disabled because it doesn't support the given collection type.
228 [22411176560384] INFO perfrun.launcher <> - plugin [vtsspp] was disabled because it doesn't support the given collection type.
228 [22411176560384] INFO perfrun.launcher <> - plugin [perf] was disabled because it doesn't support the given collection type.
228 [22411176560384] INFO perfrun.launcher <> - plugin [aoclprofile] was disabled because it doesn't support the given collection type.
228 [22411176560384] INFO perfrun.tpss <> - initialize tpss controller
228 [22411176560384] INFO perfrun.tpss <> - configure collection mode: value = cpu:counters:nostack
228 [22411176560384] INFO perfrun.tpss <> - configure collection mode: value = cpu:stack
228 [22411176560384] INFO perfrun.tpss <> - default obj-size-min=1024
228 [22411176560384] INFO perfrun.tpss <> - default hash-table-size=0
228 [22411176560384] INFO perfrun.launcher <> - plugin [media] was disabled because it doesn't support the given collection type.
228 [22411176560384] INFO perfrun.launcher <> - plugin [] was disabled because it doesn't support the given collection type.
228 [22411176560384] INFO perfrun.launcher <> - plugin [] was disabled because it doesn't support the given collection type.
228 [22411176560384] INFO perfrun.launcher <> - plugin [parallelfs] was disabled because it doesn't support the given collection type.
228 [22411176560384] INFO perfrun.launcher <> - plugin [power] was disabled because it doesn't support the given collection type.
228 [22411176560384] INFO perfrun.launcher <> - plugin [hwloc] was disabled because it doesn't support the given collection type.
228 [22411176560384] INFO perfrun.launcher <> - plugin [ipmwatch] was disabled because it doesn't support the given collection type.
228 [22411176560384] INFO perfrun.launcher <> - plugin [os_counters] was disabled because it doesn't support the given collection type.
228 [22411176560384] INFO perfrun.launcher <> - plugin [l0_metrics] was disabled because it doesn't support the given collection type.
228 [22411179929728] INFO perfrun.launcher <> - set environment variable: LD_LIBRARY_PATH = /opt/intel/oneapi/vtune/2023.1.0/lib32/runtime:/opt/intel/oneapi/vtune/2023.1.0/lib64/runtime:/opt/intel/oneapi/tbb/2021.5.1/env/../lib/intel64/gcc4.8:/opt/intel/oneapi/mpi/2021.5.1//libfabric/lib:/opt/intel/oneapi/mpi/2021.5.1//lib/release:/opt/intel/oneapi/mpi/2021.5.1//lib:/opt/intel/oneapi/mkl/2022.0.2/lib/intel64:/opt/intel/oneapi/itac/2021.5.0/slib:/opt/intel/oneapi/debugger/2021.5.0/gdb/intel64/lib:/opt/intel/oneapi/debugger/2021.5.0/libipt/intel64/lib:/opt/intel/oneapi/debugger/2021.5.0/dep/lib:/opt/intel/oneapi/compiler/2022.0.2/linux/lib:/opt/intel/oneapi/compiler/2022.0.2/linux/lib/x64:/opt/intel/oneapi/compiler/2022.0.2/linux/lib/oclfpga/host/linux64/lib:/opt/intel/oneapi/compiler/2022.0.2/linux/compiler/lib/intel64_lin
229 [22411179929728] INFO perfrun.launcher <> - set environment variable: INTEL_LIBITTNOTIFY32 = /opt/intel/oneapi/vtune/2023.1.0/lib32/runtime/libittnotify_collector.so
229 [22411179929728] INFO perfrun.launcher <> - set environment variable: INTEL_LIBITTNOTIFY64 = /opt/intel/oneapi/vtune/2023.1.0/lib64/runtime/libittnotify_collector.so
229 [22411179929728] INFO perfrun.launcher <> - set environment variable: INTEL_ITTNOTIFY_GROUPS = 
229 [22411179929728] INFO perfrun.launcher <> - set environment variable: INTEL_JIT_PROFILER32 = /opt/intel/oneapi/vtune/2023.1.0/lib32/runtime/libittnotify_collector.so
229 [22411179929728] INFO perfrun.launcher <> - set environment variable: INTEL_JIT_PROFILER64 = /opt/intel/oneapi/vtune/2023.1.0/lib64/runtime/libittnotify_collector.so
229 [22411179929728] INFO perfrun.launcher <> - set environment variable: OMP_TOOL_LIBRARIES = /opt/intel/oneapi/vtune/2023.1.0/lib32/runtime/libittnotify_collector.so:/opt/intel/oneapi/vtune/2023.1.0/lib64/runtime/libittnotify_collector.so
229 [22411179929728] INFO perfrun.launcher <> - set environment variable: ENABLE_JITPROFILING = 1
229 [22411179929728] INFO perfrun.launcher <> - set environment variable: CL_CONFIG_USE_VTUNE = True
229 [22411179929728] INFO perfrun.launcher <> - set environment variable: LD_PRELOAD = libittnotify_collector.so:
229 [22411179929728] INFO perfrun.launcher <> - set environment variable: KMP_FORKJOIN_FRAMES = 0
229 [22411179929728] INFO perfrun.launcher <> - set environment variable: KMP_FORKJOIN_FRAMES_MODE = 0
229 [22411179929728] INFO perfrun.launcher <> - set environment variable: OMP_TOOL = disabled
229 [22411179929728] INFO perfrun.launcher <> - set environment variable: INTEL_MRTE_DATA_DIR = /home/course/hpc/users/2019010874/exp8/task1result.conv2/data.5
229 [22411179929728] INFO perfrun.launcher <> - set environment variable: INTEL_MRTE_HOST_NAME = conv2
229 [22411179929728] INFO perfrun.launcher <> - set environment variable: JAVA_TOOL_OPTIONS = -agentlib:amplxe_tpssmrte_javaprof_1.0 -Dsun.boot.library.path=/opt/intel/oneapi/vtune/2023.1.0/lib32/runtime:/opt/intel/oneapi/vtune/2023.1.0/lib64/runtime
229 [22411179929728] INFO perfrun.launcher <> - set environment variable: LD_LIBRARY_PATH = /opt/intel/oneapi/vtune/2023.1.0/lib32/runtime:/opt/intel/oneapi/vtune/2023.1.0/lib64/runtime:/opt/intel/oneapi/tbb/2021.5.1/env/../lib/intel64/gcc4.8:/opt/intel/oneapi/mpi/2021.5.1//libfabric/lib:/opt/intel/oneapi/mpi/2021.5.1//lib/release:/opt/intel/oneapi/mpi/2021.5.1//lib:/opt/intel/oneapi/mkl/2022.0.2/lib/intel64:/opt/intel/oneapi/itac/2021.5.0/slib:/opt/intel/oneapi/debugger/2021.5.0/gdb/intel64/lib:/opt/intel/oneapi/debugger/2021.5.0/libipt/intel64/lib:/opt/intel/oneapi/debugger/2021.5.0/dep/lib:/opt/intel/oneapi/compiler/2022.0.2/linux/lib:/opt/intel/oneapi/compiler/2022.0.2/linux/lib/x64:/opt/intel/oneapi/compiler/2022.0.2/linux/lib/oclfpga/host/linux64/lib:/opt/intel/oneapi/compiler/2022.0.2/linux/compiler/lib/intel64_lin
229 [22411179929728] INFO perfrun.launcher <> - set environment variable: CORECLR_ENABLE_PROFILING = 1
229 [22411179929728] INFO perfrun.launcher <> - set environment variable: CORECLR_PROFILER = {AA5E4821-E3B1-479c-B7FF-5AD047D22CED}
229 [22411179929728] INFO perfrun.launcher <> - set environment variable: CORECLR_PROFILER_PATH = /opt/intel/oneapi/vtune/2023.1.0/lib64/libamplxe_samplingmrte_clrprof_1.0.so
229 [22411179929728] INFO perfrun.launcher <> - set environment variable: INTEL_MRTE_PROFILER_MODE = mixed
229 [22411179929728] INFO perfrun.launcher <> - RpcServer: run RPC server to handle requests
231 [22411179929728] INFO perfrun.launcher <> - Launcher: command line to start before modification = ./main 2019010874
231 [22411179929728] INFO perfrun.launcher <> - Launcher: command line to start after modification = /opt/intel/oneapi/vtune/2023.1.0/bin64/pin -error_file /home/course/hpc/users/2019010874/exp8/task1result.conv2/data.5/pinerr.tpsslog -detach_reattach -follow_execv -tool_load_option deepbind -t64 /opt/intel/oneapi/vtune/2023.1.0/lib64/libtpsstool.so -t /opt/intel/oneapi/vtune/2023.1.0/lib32/libtpsstool.so -server_name tpss_ipc.411615 -prd_dir /opt/intel/oneapi/vtune/2023.1.0 -- ./main 2019010874
1134 [22411179929728] INFO perfrun.launcher <> - ProcessCreator object was created
1135 [22411179929728] INFO perfrun.launcher <> - Launcher: the process was started in suspend mode
1140 [22411176560384] WARN perfrun.system <> - Could not do anything with /sys/kernel/debug/kvm: boost::filesystem::status: Permission denied: "/sys/kernel/debug/kvm", at file: vcs/perfrun1/plugins/system/src/trace_writer.cpp:787
1140 [22411176560384] WARN perfrun.system <> - Folder "/var/run/libvirt/qemu/"doesn't exist, at file: vcs/perfrun1/plugins/system/src/trace_writer.cpp:800
1140 [22411176560384] INFO perfrun.itt <> - start itt controller for pid #411680
1140 [22411176560384] INFO perfrun.tpss <> - start tpss controller for pid #411680
1193 [22411179929728] INFO perfrun.launcher <> - Launcher: all plugins were started
1193 [22411179929728] INFO perfrun.launcher <> - DirectoryMonitor object was created
1193 [22411179929728] INFO perfrun.launcher <> - DirectoryMonitor: a callback was added
1193 [22411179929728] INFO perfrun.launcher <> - DirectoryMonitor was started with pingTime = 1000
1193 [22411179929728] INFO perfrun.launcher <> - DeadlineTimer is going to be constructed
1193 [22411179929728] INFO perfrun.launcher <> - DeadlineTimer: a callback was added
1195 [22411179929728] INFO perfrun.launcher <> - Launcher: resume the profiled application and  wait its termination or stop command
26965 [22411179929728] INFO perfrun.launcher <> - Launcher: the profiled application was terminated  with exit code = 0
27010 [22411176560384] INFO perfrun.itt <> - detach itt controller
27010 [22411176560384] INFO perfrun.itt <> - detach itt controller done
27010 [22411176560384] INFO perfrun.tpss <> - stop tpss controller
27013 [22411176560384] INFO perfrun.sdk <> - De-allocating TMU: /home/course/hpc/users/2019010874/exp8/task1result.conv2/data.5/systemcollector-411615-conv2.sc
27013 [22411176560384] INFO perfrun.system <> - closed the system trace file: /home/course/hpc/users/2019010874/exp8/task1result.conv2/data.5/systemcollector-411615-conv2.sc
27013 [22411179929728] INFO perfrun.launcher <> - Launcher: all plugins were stopped.
27013 [22411179929728] INFO perfrun.launcher <> - DeadlineTimer is going to be destroyed
27013 [22411179929728] INFO perfrun.launcher <> - DeadlineTimer was destroyed
27013 [22411179929728] INFO perfrun.launcher <> - DirectoryMonitor object was destroyed
27013 [22411179929728] WARN perfrun.launcher <> - Stop command is ignored because it is received when collection is already stopped, at file: vcs/perfrun1/launcher/src/command_handler.cpp:226
27016 [22411179929728] INFO perfrun.launcher <> - Application exit code: 0
27016 [22411179929728] INFO perfrun.launcher <> - Exit code: 0
