16 [22659657339008] INFO perfrun.launcher <> - Launcher main begin
19 [22659657339008] INFO perfrun.launcher <> - MessageCatalogInit finished
19 [22659657339008] INFO perfrun.launcher <> - Launcher instance created
19 [22659657339008] INFO perfrun.launcher <> - argc = 7; cmdline = /opt/intel/oneapi/vtune/2023.1.0/bin64/amplxe-runss --ui-output-format xml --ui-output-fd 5 --option-file /home/course/hpc/users/2019010874/exp8/task1result.conv2/config/runss.options.7 
167 [22659657339008] INFO perfrun.launcher <> - create msngr2::ICliToolContext
168 [22659657339008] INFO perfrun.launcher <> - create file finder object
168 [22659657339008] INFO perfrun.launcher <> - create a result directory: pattern = /home/course/hpc/users/2019010874/exp8/task1result.conv2 pid = 4294967295
172 [22659657339008] INFO perfrun.sdk <> - checked that the directory /home/course/hpc/users/2019010874/exp8/task1result.conv2 is a local directory
172 [22659657339008] INFO perfrun.sdk <> - the directory /home/course/hpc/users/2019010874/exp8/task1result.conv2 is located on a share or its FS ID is unknown 26985
172 [22659657339008] INFO perfrun.sdk <> - checked that the directory /tmp/amplxe-tmp-2019010874 is a local directory
172 [22659657339008] INFO perfrun.sdk <> - the directory /tmp/amplxe-tmp-2019010874 is located on a share or its FS ID is unknown 2035054128
174 [22659657339008] INFO perfrun.launcher <> - create data directory = /home/course/hpc/users/2019010874/exp8/task1result.conv2/data.0
176 [22659657339008] INFO perfrun.launcher <> - Creating the master collection flag
180 [22659657339008] INFO perfrun.launcher <> - Done creating the master collection flag
182 [22659653969664] INFO perfrun.launcher <> - plugin [remoteplug] was disabled because it doesn't support the given collection type.
182 [22659653969664] INFO perfrun.sdk <> - Allocating TMU :/home/course/hpc/users/2019010874/exp8/task1result.conv2/data.0/systemcollector-411631-conv2.sc
186 [22659653969664] INFO perfrun.system <> - Tpss based collection
187 [22659653969664] INFO perfrun.launcher <> - plugin [ptracecollector] was disabled because it doesn't support the given collection type.
187 [22659653969664] INFO perfrun.launcher <> - plugin [gpu] was disabled because it doesn't support the given collection type.
187 [22659653969664] INFO perfrun.launcher <> - plugin [] was disabled because it doesn't support the given collection type.
187 [22659653969664] INFO perfrun.launcher <> - plugin [] was disabled because it doesn't support the given collection type.
187 [22659653969664] INFO perfrun.launcher <> - plugin [] was disabled because it doesn't support the given collection type.
187 [22659653969664] INFO perfrun.mrte <> - system-wide mode is 0
187 [22659653969664] INFO perfrun.mrte <> - Getting  mrte profiling environment ...
231 [22659653969664] INFO perfrun.mrte <> - INTEL_MRTE_DATA_DIR=/home/course/hpc/users/2019010874/exp8/task1result.conv2/data.0
231 [22659653969664] INFO perfrun.mrte <> - INTEL_MRTE_HOST_NAME=conv2
231 [22659653969664] INFO perfrun.mrte <> - JAVA_TOOL_OPTIONS=-agentlib:amplxe_tpssmrte_javaprof_1.0 -Dsun.boot.library.path=/opt/intel/oneapi/vtune/2023.1.0/lib32/runtime:/opt/intel/oneapi/vtune/2023.1.0/lib64/runtime
231 [22659653969664] INFO perfrun.mrte <> - LD_LIBRARY_PATH=/opt/intel/oneapi/vtune/2023.1.0/lib32/runtime:/opt/intel/oneapi/vtune/2023.1.0/lib64/runtime:/opt/intel/oneapi/tbb/2021.5.1/env/../lib/intel64/gcc4.8:/opt/intel/oneapi/mpi/2021.5.1//libfabric/lib:/opt/intel/oneapi/mpi/2021.5.1//lib/release:/opt/intel/oneapi/mpi/2021.5.1//lib:/opt/intel/oneapi/mkl/2022.0.2/lib/intel64:/opt/intel/oneapi/itac/2021.5.0/slib:/opt/intel/oneapi/debugger/2021.5.0/gdb/intel64/lib:/opt/intel/oneapi/debugger/2021.5.0/libipt/intel64/lib:/opt/intel/oneapi/debugger/2021.5.0/dep/lib:/opt/intel/oneapi/compiler/2022.0.2/linux/lib:/opt/intel/oneapi/compiler/2022.0.2/linux/lib/x64:/opt/intel/oneapi/compiler/2022.0.2/linux/lib/oclfpga/host/linux64/lib:/opt/intel/oneapi/compiler/2022.0.2/linux/compiler/lib/intel64_lin
231 [22659653969664] INFO perfrun.mrte <> - CORECLR_ENABLE_PROFILING=1
231 [22659653969664] INFO perfrun.mrte <> - CORECLR_PROFILER={AA5E4821-E3B1-479c-B7FF-5AD047D22CED}
231 [22659653969664] INFO perfrun.mrte <> - CORECLR_PROFILER_PATH=/opt/intel/oneapi/vtune/2023.1.0/lib64/libamplxe_samplingmrte_clrprof_1.0.so
231 [22659653969664] INFO perfrun.mrte <> - INTEL_MRTE_PROFILER_MODE=mixed
231 [22659653969664] INFO perfrun.mrte <> - Data directory: /home/course/hpc/users/2019010874/exp8/task1result.conv2/data.0
231 [22659653969664] INFO perfrun.mrte <> - Mrte plugin is initialized
232 [22659653969664] INFO perfrun.launcher <> - plugin [cuscol] was disabled because it doesn't support the given collection type.
232 [22659653969664] INFO perfrun.launcher <> - plugin [stdsrc] was disabled because it doesn't support the given collection type.
232 [22659653969664] INFO perfrun.launcher <> - plugin [sep] was disabled because it doesn't support the given collection type.
232 [22659653969664] INFO perfrun.launcher <> - plugin [vtsspp] was disabled because it doesn't support the given collection type.
232 [22659653969664] INFO perfrun.launcher <> - plugin [perf] was disabled because it doesn't support the given collection type.
232 [22659653969664] INFO perfrun.launcher <> - plugin [aoclprofile] was disabled because it doesn't support the given collection type.
232 [22659653969664] INFO perfrun.tpss <> - initialize tpss controller
232 [22659653969664] INFO perfrun.tpss <> - configure collection mode: value = cpu:counters:nostack
232 [22659653969664] INFO perfrun.tpss <> - configure collection mode: value = cpu:stack
232 [22659653969664] INFO perfrun.tpss <> - default obj-size-min=1024
232 [22659653969664] INFO perfrun.tpss <> - default hash-table-size=0
232 [22659653969664] INFO perfrun.launcher <> - plugin [media] was disabled because it doesn't support the given collection type.
232 [22659653969664] INFO perfrun.launcher <> - plugin [] was disabled because it doesn't support the given collection type.
232 [22659653969664] INFO perfrun.launcher <> - plugin [] was disabled because it doesn't support the given collection type.
232 [22659653969664] INFO perfrun.launcher <> - plugin [parallelfs] was disabled because it doesn't support the given collection type.
232 [22659653969664] INFO perfrun.launcher <> - plugin [power] was disabled because it doesn't support the given collection type.
232 [22659653969664] INFO perfrun.launcher <> - plugin [hwloc] was disabled because it doesn't support the given collection type.
232 [22659653969664] INFO perfrun.launcher <> - plugin [ipmwatch] was disabled because it doesn't support the given collection type.
232 [22659653969664] INFO perfrun.launcher <> - plugin [os_counters] was disabled because it doesn't support the given collection type.
232 [22659653969664] INFO perfrun.launcher <> - plugin [l0_metrics] was disabled because it doesn't support the given collection type.
232 [22659657339008] INFO perfrun.launcher <> - set environment variable: LD_LIBRARY_PATH = /opt/intel/oneapi/vtune/2023.1.0/lib32/runtime:/opt/intel/oneapi/vtune/2023.1.0/lib64/runtime:/opt/intel/oneapi/tbb/2021.5.1/env/../lib/intel64/gcc4.8:/opt/intel/oneapi/mpi/2021.5.1//libfabric/lib:/opt/intel/oneapi/mpi/2021.5.1//lib/release:/opt/intel/oneapi/mpi/2021.5.1//lib:/opt/intel/oneapi/mkl/2022.0.2/lib/intel64:/opt/intel/oneapi/itac/2021.5.0/slib:/opt/intel/oneapi/debugger/2021.5.0/gdb/intel64/lib:/opt/intel/oneapi/debugger/2021.5.0/libipt/intel64/lib:/opt/intel/oneapi/debugger/2021.5.0/dep/lib:/opt/intel/oneapi/compiler/2022.0.2/linux/lib:/opt/intel/oneapi/compiler/2022.0.2/linux/lib/x64:/opt/intel/oneapi/compiler/2022.0.2/linux/lib/oclfpga/host/linux64/lib:/opt/intel/oneapi/compiler/2022.0.2/linux/compiler/lib/intel64_lin
232 [22659657339008] INFO perfrun.launcher <> - set environment variable: INTEL_LIBITTNOTIFY32 = /opt/intel/oneapi/vtune/2023.1.0/lib32/runtime/libittnotify_collector.so
232 [22659657339008] INFO perfrun.launcher <> - set environment variable: INTEL_LIBITTNOTIFY64 = /opt/intel/oneapi/vtune/2023.1.0/lib64/runtime/libittnotify_collector.so
232 [22659657339008] INFO perfrun.launcher <> - set environment variable: INTEL_ITTNOTIFY_GROUPS = 
232 [22659657339008] INFO perfrun.launcher <> - set environment variable: INTEL_JIT_PROFILER32 = /opt/intel/oneapi/vtune/2023.1.0/lib32/runtime/libittnotify_collector.so
232 [22659657339008] INFO perfrun.launcher <> - set environment variable: INTEL_JIT_PROFILER64 = /opt/intel/oneapi/vtune/2023.1.0/lib64/runtime/libittnotify_collector.so
232 [22659657339008] INFO perfrun.launcher <> - set environment variable: OMP_TOOL_LIBRARIES = /opt/intel/oneapi/vtune/2023.1.0/lib32/runtime/libittnotify_collector.so:/opt/intel/oneapi/vtune/2023.1.0/lib64/runtime/libittnotify_collector.so
232 [22659657339008] INFO perfrun.launcher <> - set environment variable: ENABLE_JITPROFILING = 1
233 [22659657339008] INFO perfrun.launcher <> - set environment variable: CL_CONFIG_USE_VTUNE = True
233 [22659657339008] INFO perfrun.launcher <> - set environment variable: LD_PRELOAD = libittnotify_collector.so:
233 [22659657339008] INFO perfrun.launcher <> - set environment variable: KMP_FORKJOIN_FRAMES = 0
233 [22659657339008] INFO perfrun.launcher <> - set environment variable: KMP_FORKJOIN_FRAMES_MODE = 0
233 [22659657339008] INFO perfrun.launcher <> - set environment variable: OMP_TOOL = disabled
233 [22659657339008] INFO perfrun.launcher <> - set environment variable: INTEL_MRTE_DATA_DIR = /home/course/hpc/users/2019010874/exp8/task1result.conv2/data.0
233 [22659657339008] INFO perfrun.launcher <> - set environment variable: INTEL_MRTE_HOST_NAME = conv2
233 [22659657339008] INFO perfrun.launcher <> - set environment variable: JAVA_TOOL_OPTIONS = -agentlib:amplxe_tpssmrte_javaprof_1.0 -Dsun.boot.library.path=/opt/intel/oneapi/vtune/2023.1.0/lib32/runtime:/opt/intel/oneapi/vtune/2023.1.0/lib64/runtime
233 [22659657339008] INFO perfrun.launcher <> - set environment variable: LD_LIBRARY_PATH = /opt/intel/oneapi/vtune/2023.1.0/lib32/runtime:/opt/intel/oneapi/vtune/2023.1.0/lib64/runtime:/opt/intel/oneapi/tbb/2021.5.1/env/../lib/intel64/gcc4.8:/opt/intel/oneapi/mpi/2021.5.1//libfabric/lib:/opt/intel/oneapi/mpi/2021.5.1//lib/release:/opt/intel/oneapi/mpi/2021.5.1//lib:/opt/intel/oneapi/mkl/2022.0.2/lib/intel64:/opt/intel/oneapi/itac/2021.5.0/slib:/opt/intel/oneapi/debugger/2021.5.0/gdb/intel64/lib:/opt/intel/oneapi/debugger/2021.5.0/libipt/intel64/lib:/opt/intel/oneapi/debugger/2021.5.0/dep/lib:/opt/intel/oneapi/compiler/2022.0.2/linux/lib:/opt/intel/oneapi/compiler/2022.0.2/linux/lib/x64:/opt/intel/oneapi/compiler/2022.0.2/linux/lib/oclfpga/host/linux64/lib:/opt/intel/oneapi/compiler/2022.0.2/linux/compiler/lib/intel64_lin
233 [22659657339008] INFO perfrun.launcher <> - set environment variable: CORECLR_ENABLE_PROFILING = 1
233 [22659657339008] INFO perfrun.launcher <> - set environment variable: CORECLR_PROFILER = {AA5E4821-E3B1-479c-B7FF-5AD047D22CED}
233 [22659657339008] INFO perfrun.launcher <> - set environment variable: CORECLR_PROFILER_PATH = /opt/intel/oneapi/vtune/2023.1.0/lib64/libamplxe_samplingmrte_clrprof_1.0.so
233 [22659657339008] INFO perfrun.launcher <> - set environment variable: INTEL_MRTE_PROFILER_MODE = mixed
233 [22659657339008] INFO perfrun.launcher <> - RpcServer: run RPC server to handle requests
236 [22659657339008] INFO perfrun.launcher <> - Launcher: command line to start before modification = ./main 2019010874
236 [22659657339008] INFO perfrun.launcher <> - Launcher: command line to start after modification = /opt/intel/oneapi/vtune/2023.1.0/bin64/pin -error_file /home/course/hpc/users/2019010874/exp8/task1result.conv2/data.0/pinerr.tpsslog -detach_reattach -follow_execv -tool_load_option deepbind -t64 /opt/intel/oneapi/vtune/2023.1.0/lib64/libtpsstool.so -t /opt/intel/oneapi/vtune/2023.1.0/lib32/libtpsstool.so -server_name tpss_ipc.411631 -prd_dir /opt/intel/oneapi/vtune/2023.1.0 -- ./main 2019010874
236 [22659657339008] INFO perfrun.launcher <> - ProcessCreator object was created
237 [22659657339008] INFO perfrun.launcher <> - Launcher: the process was started in suspend mode
248 [22659653969664] WARN perfrun.system <> - Could not do anything with /sys/kernel/debug/kvm: boost::filesystem::status: Permission denied: "/sys/kernel/debug/kvm", at file: vcs/perfrun1/plugins/system/src/trace_writer.cpp:787
248 [22659653969664] WARN perfrun.system <> - Folder "/var/run/libvirt/qemu/"doesn't exist, at file: vcs/perfrun1/plugins/system/src/trace_writer.cpp:800
253 [22659653969664] WARN perfrun.sdk <> - Failed to find xl binary on any of the system paths: /bin, /sbin, /usr/bin, /usr/sbin., at file: vcs/perfrun1/sdk/src/utils.cpp:204
253 [22659653969664] WARN perfrun.system <> - Could not start ContainerMapping collector, at file: vcs/perfrun1/plugins/system/src/controller.cpp:448
260 [22659653969664] INFO perfrun.vdso <> - Helper runtool '/opt/intel/oneapi/vtune/2023.1.0/bin32/amplxe-runss -dump-vdso -r /home/course/hpc/users/2019010874/exp8/task1result.conv2 --tmp-dir /tmp/amplxe-tmp-2019010874' returned 1
415 [22659653969664] INFO perfrun.vdso <> - Helper runtool '/opt/intel/oneapi/vtune/2023.1.0/bin64/amplxe-runss -dump-vdso -r /home/course/hpc/users/2019010874/exp8/task1result.conv2 --tmp-dir /tmp/amplxe-tmp-2019010874' returned 0
416 [22659653969664] INFO perfrun.itt <> - start itt controller for pid #411662
418 [22659653969664] INFO perfrun.sdk <> - runCmd: /opt/intel/oneapi/vtune/2023.1.0/bin64/emon -M
419 [22659653969664] INFO perfrun.sdk <> - runCmd started PID 411668
572 [22659653969664] INFO perfrun.sdk <> - runCmd: /opt/intel/oneapi/vtune/2023.1.0/bin64/emon -v
573 [22659653969664] INFO perfrun.sdk <> - runCmd started PID 411669
722 [22659653969664] INFO perfrun.sdk <> - runCmd: /opt/intel/oneapi/vtune/2023.1.0/bin64/sep -dry-run -ec CPU_CLK_UNHALTED.THREAD,CPU_CLK_UNHALTED.REF_TSC:sample:sa=2400000,INST_RETIRED.ANY:sample:sa=2400000,CPU_CLK_UNHALTED.REF_XCLK,CPU_CLK_UNHALTED.ONE_THREAD_ACTIVE,FP_ARITH_INST_RETIRED.SCALAR_SINGLE,FP_ARITH_INST_RETIRED.128B_PACKED_SINGLE,FP_ARITH_INST_RETIRED.256B_PACKED_SINGLE,FP_ARITH_INST_RETIRED.SCALAR_DOUBLE,FP_ARITH_INST_RETIRED.128B_PACKED_DOUBLE,FP_ARITH_INST_RETIRED.256B_PACKED_DOUBLE,INST_RETIRED.X87,UOPS_RETIRED.RETIRE_SLOTS:sample:sa=2000003 -experimental
723 [22659653969664] INFO perfrun.sdk <> - runCmd started PID 411671
849 [22659653969664] INFO perfrun.sdk <> - runCmd: /opt/intel/oneapi/vtune/2023.1.0/bin64/emon -u -t 0.050 -l0 -A -C CPU_CLK_UNHALTED.ONE_THREAD_ACTIVE,CPU_CLK_UNHALTED.REF_TSC,CPU_CLK_UNHALTED.REF_XCLK,CPU_CLK_UNHALTED.THREAD,FP_ARITH_INST_RETIRED.128B_PACKED_DOUBLE,FP_ARITH_INST_RETIRED.128B_PACKED_SINGLE,FP_ARITH_INST_RETIRED.256B_PACKED_DOUBLE,FP_ARITH_INST_RETIRED.256B_PACKED_SINGLE,FP_ARITH_INST_RETIRED.SCALAR_DOUBLE,FP_ARITH_INST_RETIRED.SCALAR_SINGLE,INST_RETIRED.ANY,INST_RETIRED.X87,UOPS_RETIRED.RETIRE_SLOTS -f /home/course/hpc/users/2019010874/exp8/task1result.conv2/data.0/emon.0.emon -experimental
850 [22659653969664] INFO perfrun.sdk <> - runCmd started PID 411672
850 [22659653969664] INFO perfrun.emon <> - Waiting trace file creation: /home/course/hpc/users/2019010874/exp8/task1result.conv2/data.0/emon.0.emon
1050 [22659653969664] INFO perfrun.emon <> - trace file was found
1051 [22659653969664] INFO perfrun.tpss <> - start tpss controller for pid #411662
1103 [22659657339008] INFO perfrun.launcher <> - Launcher: all plugins were started
1103 [22659657339008] INFO perfrun.launcher <> - DirectoryMonitor object was created
1103 [22659657339008] INFO perfrun.launcher <> - DirectoryMonitor: a callback was added
1103 [22659657339008] INFO perfrun.launcher <> - DirectoryMonitor was started with pingTime = 1000
1103 [22659657339008] INFO perfrun.launcher <> - DeadlineTimer is going to be constructed
1103 [22659657339008] INFO perfrun.launcher <> - DeadlineTimer: a callback was added
1109 [22659657339008] INFO perfrun.launcher <> - Launcher: resume the profiled application and  wait its termination or stop command
26966 [22659657339008] INFO perfrun.launcher <> - Launcher: the profiled application was terminated  with exit code = 0
27553 [22659653969664] INFO perfrun.itt <> - detach itt controller
27553 [22659653969664] INFO perfrun.itt <> - detach itt controller done
27553 [22659653969664] INFO perfrun.sdk <> - runCmd: /opt/intel/oneapi/vtune/2023.1.0/bin64/emon -stop
27554 [22659653969664] INFO perfrun.sdk <> - runCmd started PID 411777
27736 [22659653969664] INFO perfrun.emon <> - EMON collector successfully stopped.

27736 [22659653969664] INFO perfrun.emon <> - Waiting for main Emon process (411672) to finish...
27736 [22659653969664] INFO perfrun.emon <> - Main Emon process finished
27736 [22659653969664] INFO perfrun.tpss <> - stop tpss controller
27740 [22659653969664] INFO perfrun.sdk <> - De-allocating TMU: /home/course/hpc/users/2019010874/exp8/task1result.conv2/data.0/systemcollector-411631-conv2.sc
27740 [22659653969664] INFO perfrun.system <> - closed the system trace file: /home/course/hpc/users/2019010874/exp8/task1result.conv2/data.0/systemcollector-411631-conv2.sc
27741 [22659657339008] INFO perfrun.launcher <> - Launcher: all plugins were stopped.
27741 [22659657339008] INFO perfrun.launcher <> - DeadlineTimer is going to be destroyed
27741 [22659657339008] INFO perfrun.launcher <> - DeadlineTimer was destroyed
27741 [22659657339008] INFO perfrun.launcher <> - DirectoryMonitor object was destroyed
27741 [22659657339008] WARN perfrun.launcher <> - Stop command is ignored because it is received when collection is already stopped, at file: vcs/perfrun1/launcher/src/command_handler.cpp:226
27752 [22659657339008] INFO perfrun.launcher <> - Application exit code: 0
27752 [22659657339008] INFO perfrun.launcher <> - Exit code: 0
